Using pre-set license
Built from '2020.3/staging' branch; Version is '2020.3.11f1 (99c7afb366b3) revision 10078127'; Using compiler version '192528614'; Build Type 'Release'
OS: 'Windows 10 Home; OS build 19042.1348; Version 2009; 64bit' Language: 'ko' Physical Memory: 16299 MB
BatchMode: 1, IsHumanControllingUs: 0, StartBugReporterOnCrash: 0, Is64bit: 1, IsPro: 0

 COMMAND LINE ARGUMENTS:
C:\Program Files\Unity\Hub\Editor\2020.3.11f1\Editor\Unity.exe
-adb2
-batchMode
-noUpm
-name
AssetImportWorker0
-projectPath
C:/Users/USER/GitHub_repo/ToyRunningGame/ToyRunningGame2D
-logFile
Logs/AssetImportWorker0.log
-srvPort
64935
Successfully changed project path to: C:/Users/USER/GitHub_repo/ToyRunningGame/ToyRunningGame2D
C:/Users/USER/GitHub_repo/ToyRunningGame/ToyRunningGame2D
Using Asset Import Pipeline V2.
Refreshing native plugins compatible for Editor in 175.53 ms, found 4 plugins.
Preloading 0 native plugins for Editor in 0.00 ms.
Initialize engine version: 2020.3.11f1 (99c7afb366b3)
[Subsystems] Discovering subsystems at path C:/Program Files/Unity/Hub/Editor/2020.3.11f1/Editor/Data/Resources/UnitySubsystems
[Subsystems] Discovering subsystems at path C:/Users/USER/GitHub_repo/ToyRunningGame/ToyRunningGame2D/Assets
GfxDevice: creating device client; threaded=0
Direct3D:
    Version:  Direct3D 11.0 [level 11.1]
    Renderer: Radeon(TM) 540 Graphics (ID=0x699f)
    Vendor:   
    VRAM:     1996 MB
    Driver:   23.20.15036.0
Initialize mono
Mono path[0] = 'C:/Program Files/Unity/Hub/Editor/2020.3.11f1/Editor/Data/Managed'
Mono path[1] = 'C:/Program Files/Unity/Hub/Editor/2020.3.11f1/Editor/Data/MonoBleedingEdge/lib/mono/unityjit'
Mono config path = 'C:/Program Files/Unity/Hub/Editor/2020.3.11f1/Editor/Data/MonoBleedingEdge/etc'
Using monoOptions --debugger-agent=transport=dt_socket,embedding=1,server=y,suspend=n,address=127.0.0.1:56736
Begin MonoManager ReloadAssembly
Registering precompiled unity dll's ...
Register platform support module: C:/Program Files/Unity/Hub/Editor/2020.3.11f1/Editor/Data/PlaybackEngines/WebGLSupport/UnityEditor.WebGL.Extensions.dll
Register platform support module: C:/Program Files/Unity/Hub/Editor/2020.3.11f1/Editor/Data/PlaybackEngines/WindowsStandaloneSupport/UnityEditor.WindowsStandalone.Extensions.dll
Registered in 0.004593 seconds.
Native extension for WindowsStandalone target not found
Native extension for WebGL target not found
Refreshing native plugins compatible for Editor in 74.69 ms, found 4 plugins.
Preloading 0 native plugins for Editor in 0.00 ms.
Mono: successfully reloaded assembly
- Completed reload, in  3.790 seconds
Platform modules already initialized, skipping
Registering precompiled user dll's ...
Registered in 0.030857 seconds.
Begin MonoManager ReloadAssembly
Native extension for WindowsStandalone target not found
Native extension for WebGL target not found
Refreshing native plugins compatible for Editor in 74.37 ms, found 4 plugins.
Preloading 0 native plugins for Editor in 0.00 ms.
Mono: successfully reloaded assembly
- Completed reload, in  1.724 seconds
Platform modules already initialized, skipping
========================================================================
Worker process is ready to serve import requests
Launched and connected shader compiler UnityShaderCompiler.exe after 0.09 seconds
Refreshing native plugins compatible for Editor in 0.78 ms, found 4 plugins.
Preloading 0 native plugins for Editor in 0.00 ms.
Unloading 2567 Unused Serialized files (Serialized files now loaded: 0)
System memory in use before: 118.8 MB.
System memory in use after: 118.8 MB.

Unloading 50 unused Assets to reduce memory usage. Loaded Objects now: 3070.
Total: 3.866100 ms (FindLiveObjects: 0.278900 ms CreateObjectMapping: 0.144100 ms MarkObjects: 3.290200 ms  DeleteObjects: 0.151500 ms)

========================================================================
Received Import Request.
  path: Assets/2DGamekit/Scenes
  artifactKey: Guid(2592c7313e4536046898c207f0576ff8) Importer(815301076,1909f56bfc062723c751e8b465ee728b)
Start importing Assets/2DGamekit/Scenes using Guid(2592c7313e4536046898c207f0576ff8) Importer(815301076,1909f56bfc062723c751e8b465ee728b)  -> (artifact id: '8e2eecc31083bfd374c026fef1cc9888') in 0.020016 seconds
  Import took 0.026871 seconds .

========================================================================
Received Import Request.
  Time since last request: 1326.171508 seconds.
  path: Assets/2DGamekit/Scenes/Start.unity
  artifactKey: Guid(57df1e417250bc247976c2c0dc088efe) Importer(815301076,1909f56bfc062723c751e8b465ee728b)
Start importing Assets/2DGamekit/Scenes/Start.unity using Guid(57df1e417250bc247976c2c0dc088efe) Importer(815301076,1909f56bfc062723c751e8b465ee728b)  -> (artifact id: 'a69d1a1dbb5ee394d1fa3014e2d41548') in 0.026472 seconds
  Import took 0.033261 seconds .

========================================================================
Received Prepare
Registering precompiled user dll's ...
Registered in 0.019650 seconds.
Begin MonoManager ReloadAssembly
Native extension for WindowsStandalone target not found
Native extension for WebGL target not found
Refreshing native plugins compatible for Editor in 0.81 ms, found 4 plugins.
Preloading 0 native plugins for Editor in 0.00 ms.
Mono: successfully reloaded assembly
- Completed reload, in  1.408 seconds
Platform modules already initialized, skipping
Refreshing native plugins compatible for Editor in 1.03 ms, found 4 plugins.
Preloading 0 native plugins for Editor in 0.00 ms.
Unloading 2514 Unused Serialized files (Serialized files now loaded: 0)
System memory in use before: 114.2 MB.
System memory in use after: 114.2 MB.

Unloading 38 unused Assets to reduce memory usage. Loaded Objects now: 3074.
Total: 2.991500 ms (FindLiveObjects: 0.282900 ms CreateObjectMapping: 0.123700 ms MarkObjects: 2.382700 ms  DeleteObjects: 0.201100 ms)

========================================================================
Received Import Request.
  Time since last request: 124.363504 seconds.
  path: Assets/2DGamekit/Scenes/Zone1.unity
  artifactKey: Guid(a94cb8f134bf81349ad016c79b629e3d) Importer(815301076,1909f56bfc062723c751e8b465ee728b)
Start importing Assets/2DGamekit/Scenes/Zone1.unity using Guid(a94cb8f134bf81349ad016c79b629e3d) Importer(815301076,1909f56bfc062723c751e8b465ee728b)  -> (artifact id: '7e8d875f82726615edba8df2322e2207') in 0.023344 seconds
  Import took 0.029939 seconds .

========================================================================
Received Import Request.
  Time since last request: 28.393584 seconds.
  path: Assets/2DGamekit/Scenes/Zone2.unity
  artifactKey: Guid(5436c67e9267f17458b31fcdc20cd20a) Importer(815301076,1909f56bfc062723c751e8b465ee728b)
Start importing Assets/2DGamekit/Scenes/Zone2.unity using Guid(5436c67e9267f17458b31fcdc20cd20a) Importer(815301076,1909f56bfc062723c751e8b465ee728b)  -> (artifact id: '8f506e6788458ff0e511b6c1046178a8') in 0.013336 seconds
  Import took 0.021527 seconds .

AssetImportWorkerClient::OnTransportError - code=2 error=End of file
